This file contains any messages produced by compilers while
running configure, to aid debugging if configure makes a mistake.

It was created by configure, which was
generated by GNU Autoconf 2.68.  Invocation command line was

  $ ./configure 

## --------- ##
## Platform. ##
## --------- ##

hostname = stravinsky.tim.linglan.net
uname -m = x86_64
uname -r = 3.3.4-3.fc16.x86_64
uname -s = Linux
uname -v = #1 SMP Thu May 3 14:46:44 UTC 2012

/usr/bin/uname -p = unknown
/bin/uname -X     = unknown

/bin/arch              = x86_64
/usr/bin/arch -k       = unknown
/usr/convex/getsysinfo = unknown
/usr/bin/hostinfo      = unknown
/bin/machine           = unknown
/usr/bin/oslevel       = unknown
/bin/universe          = unknown

PATH: .
PATH: /bin
PATH: /sbin
PATH: /usr/bin
PATH: /usr/sbin
PATH: /usr/local/bin


## ----------- ##
## Core tests. ##
## ----------- ##

configure:1977: checking build system type
configure:1991: result: x86_64-unknown-linux-gnu
configure:2011: checking host system type
configure:2024: result: x86_64-unknown-linux-gnu
configure:2110: checking for gcc
configure:2126: found /usr/bin/gcc
configure:2137: result: gcc
configure:2366: checking for C compiler version
configure:2375: gcc --version >&5
gcc (GCC) 4.6.3 20120306 (Red Hat 4.6.3-2)
Copyright (C) 2011 Free Software Foundation, Inc.
This is free software; see the source for copying conditions.  There is NO
warranty; not even for MERCHANTABILITY or FITNESS FOR A PARTICULAR PURPOSE.

configure:2386: $? = 0
configure:2375: gcc -v >&5
Using built-in specs.
COLLECT_GCC=gcc
COLLECT_LTO_WRAPPER=/usr/libexec/gcc/x86_64-redhat-linux/4.6.3/lto-wrapper
Target: x86_64-redhat-linux
Configured with: ../configure --prefix=/usr --mandir=/usr/share/man --infodir=/usr/share/info --with-bugurl=http://bugzilla.redhat.com/bugzilla --enable-bootstrap --enable-shared --enable-threads=posix --enable-checking=release --with-system-zlib --enable-__cxa_atexit --disable-libunwind-exceptions --enable-gnu-unique-object --enable-linker-build-id --enable-languages=c,c++,objc,obj-c++,java,fortran,ada,go,lto --enable-plugin --enable-java-awt=gtk --disable-dssi --with-java-home=/usr/lib/jvm/java-1.5.0-gcj-1.5.0.0/jre --enable-libgcj-multifile --enable-java-maintainer-mode --with-ecj-jar=/usr/share/java/eclipse-ecj.jar --disable-libjava-multilib --with-ppl --with-cloog --with-tune=generic --with-arch_32=i686 --build=x86_64-redhat-linux
Thread model: posix
gcc version 4.6.3 20120306 (Red Hat 4.6.3-2) (GCC) 
configure:2386: $? = 0
configure:2375: gcc -V >&5
gcc: error: unrecognized option '-V'
gcc: fatal error: no input files
compilation terminated.
configure:2386: $? = 4
configure:2375: gcc -qversion >&5
gcc: error: unrecognized option '-qversion'
gcc: fatal error: no input files
compilation terminated.
configure:2386: $? = 4
configure:2406: checking whether the C compiler works
configure:2428: gcc    conftest.c  >&5
configure:2432: $? = 0
configure:2480: result: yes
configure:2483: checking for C compiler default output file name
configure:2485: result: a.out
configure:2491: checking for suffix of executables
configure:2498: gcc -o conftest    conftest.c  >&5
configure:2502: $? = 0
configure:2524: result: 
configure:2546: checking whether we are cross compiling
configure:2554: gcc -o conftest    conftest.c  >&5
configure:2558: $? = 0
configure:2565: ./conftest
configure:2569: $? = 0
configure:2584: result: no
configure:2589: checking for suffix of object files
configure:2611: gcc -c   conftest.c >&5
configure:2615: $? = 0
configure:2636: result: o
configure:2640: checking whether we are using the GNU C compiler
configure:2659: gcc -c   conftest.c >&5
configure:2659: $? = 0
configure:2668: result: yes
configure:2677: checking whether gcc accepts -g
configure:2697: gcc -c -g  conftest.c >&5
configure:2697: $? = 0
configure:2738: result: yes
configure:2755: checking for gcc option to accept ISO C89
configure:2819: gcc  -c -g -O2  conftest.c >&5
configure:2819: $? = 0
configure:2832: result: none needed
configure:2857: checking how to run the C preprocessor
configure:2888: gcc -E  conftest.c
configure:2888: $? = 0
configure:2902: gcc -E  conftest.c
conftest.c:9:28: fatal error: ac_nonexistent.h: No such file or directory
compilation terminated.
configure:2902: $? = 1
configure: failed program was:
| /* confdefs.h */
| #define PACKAGE_NAME ""
| #define PACKAGE_TARNAME ""
| #define PACKAGE_VERSION ""
| #define PACKAGE_STRING ""
| #define PACKAGE_BUGREPORT ""
| #define PACKAGE_URL ""
| /* end confdefs.h.  */
| #include <ac_nonexistent.h>
configure:2927: result: gcc -E
configure:2947: gcc -E  conftest.c
configure:2947: $? = 0
configure:2961: gcc -E  conftest.c
conftest.c:9:28: fatal error: ac_nonexistent.h: No such file or directory
compilation terminated.
configure:2961: $? = 1
configure: failed program was:
| /* confdefs.h */
| #define PACKAGE_NAME ""
| #define PACKAGE_TARNAME ""
| #define PACKAGE_VERSION ""
| #define PACKAGE_STRING ""
| #define PACKAGE_BUGREPORT ""
| #define PACKAGE_URL ""
| /* end confdefs.h.  */
| #include <ac_nonexistent.h>
configure:2990: checking for library containing strerror
configure:3021: gcc -o conftest -g -O2   conftest.c  >&5
configure:3021: $? = 0
configure:3038: result: none required
configure:3063: checking for a BSD-compatible install
configure:3131: result: /usr/bin/install -c
configure:3185: checking for ranlib
configure:3201: found /usr/bin/ranlib
configure:3212: result: ranlib
configure:3236: checking for autoconf
configure:3252: found /usr/bin/autoconf
configure:3264: result: autoconf
configure:3274: checking for cp
configure:3290: found /bin/cp
configure:3302: result: cp
configure:3312: checking for rm
configure:3328: found /bin/rm
configure:3340: result: rm
configure:3356: checking for grep that handles long lines and -e
configure:3414: result: /bin/grep
configure:3419: checking for egrep
configure:3481: result: /bin/grep -E
configure:3486: checking for ANSI C header files
configure:3506: gcc -c -g -O2  conftest.c >&5
configure:3506: $? = 0
configure:3579: gcc -o conftest -g -O2   conftest.c  >&5
configure:3579: $? = 0
configure:3579: ./conftest
configure:3579: $? = 0
configure:3590: result: yes
configure:3601: checking for setenv
configure:3601: gcc -o conftest -g -O2   conftest.c  >&5
configure:3601: $? = 0
configure:3601: result: yes
configure:3601: checking for putenv
configure:3601: gcc -o conftest -g -O2   conftest.c  >&5
configure:3601: $? = 0
configure:3601: result: yes
configure:3792: creating ./config.status

## ---------------------- ##
## Running config.status. ##
## ---------------------- ##

This file was extended by config.status, which was
generated by GNU Autoconf 2.68.  Invocation command line was

  CONFIG_FILES    = 
  CONFIG_HEADERS  = 
  CONFIG_LINKS    = 
  CONFIG_COMMANDS = 
  $ ./config.status 

on stravinsky.tim.linglan.net

config.status:753: creating Makefile

## ---------------- ##
## Cache variables. ##
## ---------------- ##

ac_cv_build=x86_64-unknown-linux-gnu
ac_cv_c_compiler_gnu=yes
ac_cv_env_CC_set=
ac_cv_env_CC_value=
ac_cv_env_CFLAGS_set=
ac_cv_env_CFLAGS_value=
ac_cv_env_CPPFLAGS_set=
ac_cv_env_CPPFLAGS_value=
ac_cv_env_CPP_set=
ac_cv_env_CPP_value=
ac_cv_env_LDFLAGS_set=
ac_cv_env_LDFLAGS_value=
ac_cv_env_LIBS_set=
ac_cv_env_LIBS_value=
ac_cv_env_build_alias_set=
ac_cv_env_build_alias_value=
ac_cv_env_host_alias_set=
ac_cv_env_host_alias_value=
ac_cv_env_target_alias_set=
ac_cv_env_target_alias_value=
ac_cv_func_putenv=yes
ac_cv_func_setenv=yes
ac_cv_header_stdc=yes
ac_cv_host=x86_64-unknown-linux-gnu
ac_cv_objext=o
ac_cv_path_EGREP='/bin/grep -E'
ac_cv_path_GREP=/bin/grep
ac_cv_path_install='/usr/bin/install -c'
ac_cv_prog_AUTOCONF=autoconf
ac_cv_prog_CP=cp
ac_cv_prog_CPP='gcc -E'
ac_cv_prog_RM=rm
ac_cv_prog_ac_ct_CC=gcc
ac_cv_prog_ac_ct_RANLIB=ranlib
ac_cv_prog_cc_c89=
ac_cv_prog_cc_g=yes
ac_cv_search_strerror='none required'

## ----------------- ##
## Output variables. ##
## ----------------- ##

AUTOCONF='autoconf'
CC='gcc'
CFLAGS='-g -O2'
CP='cp'
CPP='gcc -E'
CPPFLAGS=''
DEFS='-DPACKAGE_NAME=\"\" -DPACKAGE_TARNAME=\"\" -DPACKAGE_VERSION=\"\" -DPACKAGE_STRING=\"\" -DPACKAGE_BUGREPORT=\"\" -DPACKAGE_URL=\"\" -DSTDC_HEADERS=1 -DHAVE_SETENV=1 -DHAVE_PUTENV=1 -DQROUTER_LIB_DIR=\"/usr/local/share/qrouter\" -DVERSION=\"1.1\"'
ECHO_C=''
ECHO_N='-n'
ECHO_T=''
EGREP='/bin/grep -E'
EXEEXT=''
GREP='/bin/grep'
INSTALL_DATA='${INSTALL} -m 644'
INSTALL_PROGRAM='${INSTALL}'
INSTALL_SCRIPT='${INSTALL}'
LD=''
LDFLAGS=''
LIBOBJS=''
LIBS=''
LTLIBOBJS=''
OBJEXT='o'
PACKAGE_BUGREPORT=''
PACKAGE_NAME=''
PACKAGE_STRING=''
PACKAGE_TARNAME=''
PACKAGE_URL=''
PACKAGE_VERSION=''
PATH_SEPARATOR=':'
RANLIB='ranlib'
RM='rm'
SHELL='/bin/sh'
STDLIBS=''
VERSION='1.1'
ac_ct_CC='gcc'
bindir='${exec_prefix}/bin'
build='x86_64-unknown-linux-gnu'
build_alias=''
build_cpu='x86_64'
build_os='linux-gnu'
build_vendor='unknown'
datadir='${datarootdir}'
datarootdir='${prefix}/share'
docdir='${datarootdir}/doc/${PACKAGE}'
dvidir='${docdir}'
exec_prefix='${prefix}'
host='x86_64-unknown-linux-gnu'
host_alias=''
host_cpu='x86_64'
host_os='linux-gnu'
host_vendor='unknown'
htmldir='${docdir}'
includedir='${prefix}/include'
infodir='${datarootdir}/info'
libdir='${exec_prefix}/lib'
libexecdir='${exec_prefix}/libexec'
localedir='${datarootdir}/locale'
localstatedir='${prefix}/var'
mandir='${datarootdir}/man'
oldincludedir='/usr/include'
pdfdir='${docdir}'
prefix='/usr/local'
program_transform_name='s,x,x,'
psdir='${docdir}'
sbindir='${exec_prefix}/sbin'
sharedstatedir='${prefix}/com'
sysconfdir='${prefix}/etc'
target_alias=''

## ----------- ##
## confdefs.h. ##
## ----------- ##

/* confdefs.h */
#define PACKAGE_NAME ""
#define PACKAGE_TARNAME ""
#define PACKAGE_VERSION ""
#define PACKAGE_STRING ""
#define PACKAGE_BUGREPORT ""
#define PACKAGE_URL ""
#define STDC_HEADERS 1
#define HAVE_SETENV 1
#define HAVE_PUTENV 1
#define QROUTER_LIB_DIR "/usr/local/share/qrouter"
#define VERSION "1.1"

configure: exit 0
